[2014/8/26 - 21:29:24] Norrin Radd has placed a contract on Matias for $50000, reason: NIGGER.
[2014/8/26 - 21:29:27] Norrin Radd has placed a contract on Asada Shino for $50000, reason: NIGGER.
[2014/8/26 - 21:29:29] Norrin Radd has placed a contract on Conrad Winmar for $50000, reason: NIGGER.
[2014/8/26 - 21:29:31] Norrin Radd has placed a contract on Conrad Winmar for $50000, reason: NIGGER.
[2014/8/26 - 21:30:5] Hitman Asada Shino has fulfilled the contract on Conrad Winmar's head and collected $100000.
[2014/8/26 - 21:30:7] Hitman Norrin Radd has fulfilled the contract on Asada Shino's head and collected $50000.
[2014/8/26 - 21:30:18] Hitman Norrin Radd has fulfilled the contract on Matias's head and collected $50000.
[2014/8/26 - 21:32:18] Matias has placed a contract on Conrad Winmar for $100000, reason: super fun contract.
[2014/8/26 - 21:33:1] Hitman Matias has fulfilled the contract on Conrad Winmar's head and collected $100000.
[2014/8/30 - 18:2:35] Tony Wilbert has placed a contract on Norrin Radd for $100000, reason: Camel face..
[2014/8/30 - 18:7:23] Hitman Tony Wilbert has fulfilled the contract on Norrin Radd's head and collected $100000.
[2014/8/30 - 21:35:51] Norrin Radd has placed a contract on Johnny Cruze for $50000, reason: nigger.
[2014/8/30 - 21:51:1] Norrin Radd has placed a contract on Andrea Jhoseph for $50000, reason: bad girl.
[2014/8/30 - 21:58:57] Hitman Norrin Radd has fulfilled the contract on Johnny Cruze's head and collected $50000.
[2014/8/30 - 22:1:53] Norrin Radd has placed a contract on Johnny Cruze for $10000, reason: bad boi.
[2014/8/30 - 22:2:10] Hitman Norrin Radd has fulfilled the contract on Johnny Cruze's head and collected $10000.
[2014/8/30 - 22:2:38] Norrin Radd has placed a contract on Johnny Cruze for $10000, reason: hiiiii.
[2014/8/30 - 22:4:16] Hitman Norrin Radd has fulfilled the contract on Johnny Cruze's head and collected $10000.
[2014/8/30 - 22:4:47] Norrin Radd has placed a contract on Johnny Cruze for $10000, reason: hello bro.
[2014/8/30 - 22:6:15] Hitman Norrin Radd has fulfilled the contract on Johnny Cruze's head and collected $10000.
[2014/8/30 - 22:24:55] Norrin Radd has placed a contract on Asada Shino for $50000, reason: faggot.
[2014/8/30 - 22:25:5] Hitman Norrin Radd has fulfilled the contract on Asada Shino's head and collected $50000.
[2014/8/31 - 11:23:50] Norrin Radd has placed a contract on Andrea Jhoseph for $1000, reason: fggagg.
[2014/8/31 - 11:24:38] Hitman Norrin Radd has fulfilled the contract on Andrea Jhoseph's head and collected $51000.
