[2014/8/26 - 18:45:44] [None]: Norrin Radd has set Norrin Radd's as the leader of the faction.
[2014/8/26 - 18:45:46] [None]: Norrin Radd has set Norrin Radd's as the leader of the faction.
[2014/8/26 - 18:46:7] [None]: Norrin Radd has set Norrin Radd's as the leader of the faction.
[2014/8/26 - 18:47:21] [None]: Norrin Radd has set Norrin Radd's as the leader of the faction.
[2014/8/26 - 18:55:9] []: Norrin Radd has set Norrin Radd's as the leader of the faction.
[2014/8/26 - 18:59:22] []: Norrin Radd has set Norrin Radd's as the leader of the faction.
[2014/8/26 - 18:59:24] []: Norrin Radd has set Norrin Radd's as the leader of the faction.
[2014/8/26 - 19:1:58] [LSPD]: Norrin Radd has set Norrin Radd's as the leader of the faction.
[2014/8/26 - 21:10:10] [Leader]: Norrin Radd has set Norrin Radd as the leader of LSPD.
[2014/8/26 - 21:10:14] [Leader]: Norrin Radd has set Norrin Radd as the leader of LSPD.
[2014/8/26 - 21:16:19] [Leader]: Norrin Radd has set Norrin Radd as the leader of .
[2014/8/26 - 21:17:49] [Leader]: Norrin Radd has set Norrin Radd as the leader of None.
[2014/8/26 - 21:21:10] [Leader]: Michael Holmes has set Michael Holmes as the leader of LSPD.
[2014/8/26 - 21:21:12] [Leader]: Michael Holmes has set Michael Holmes as the leader of The Black Hand Triads.
[2014/8/26 - 21:21:16] [Leader]: Michael Holmes has set Michael Holmes as the leader of Saji Yakuza.
[2014/8/26 - 21:21:19] [Leader]: Michael Holmes has set Michael Holmes as the leader of East Side Crips.
[2014/8/26 - 21:21:28] [Leader]: Michael Holmes has set Michael Holmes as the leader of Los Santos Vatos.
[2014/8/26 - 21:21:37] [Leader]: Michael Holmes has set Michael Holmes as the leader of None.
[2014/8/26 - 21:24:9] [Leader]: Asada Shino has set Asada Shino as the leader of LSPD.
[2014/8/26 - 21:24:44] [Leader]: Asada Shino has set Michael Holmes as the leader of LSPD.
[2014/8/26 - 21:24:48] [RANK][LSPD]: Asada Shino has set Michael Holmes's rank to 5.
[2014/8/26 - 21:28:59] [Leader]: Asada Shino has set Conrad Winmar as the leader of LSPD.
[2014/8/26 - 21:29:7] [RANK][LSPD]: Asada Shino has set Conrad Winmar's rank to 4.
[2014/8/26 - 21:34:56] [Leader]: Norrin Radd has set Norrin Radd as the leader of Government.
[2014/8/26 - 21:35:2] [Leader]: Norrin Radd has set Norrin Radd as the leader of Los Santos Vatos.
[2014/8/26 - 21:43:20] [Leader]: [IMRP]Matias has set [IMRP]Matias as the leader of LSPD.
[2014/8/26 - 21:47:20] [INVITE][LSPD]: [IMRP]Asada has invited [IMRP]Ricci to the faction.
[2014/8/26 - 21:47:28] [RANK][LSPD]: [IMRP]Asada has set [IMRP]Ricci's rank to 3.
[2014/8/26 - 21:48:57] [Leader]: [IMRP]Ricci has set [IMRP]Norrin as the leader of LSPD.
[2014/8/26 - 21:48:59] [Leader]: [IMRP]Ricci has set [IMRP]Norrin as the leader of The Black Hand Triads.
[2014/8/26 - 21:49:0] [Leader]: [IMRP]Ricci has set [IMRP]Norrin as the leader of Saji Yakuza.
[2014/8/26 - 21:49:2] [Leader]: [IMRP]Ricci has set [IMRP]Norrin as the leader of East Side Crips.
[2014/8/26 - 21:49:3] [Leader]: [IMRP]Ricci has set [IMRP]Norrin as the leader of Los Santos Vatos.
[2014/8/26 - 21:49:5] [Leader]: [IMRP]Ricci has set [IMRP]Norrin as the leader of Government.
[2014/8/26 - 21:49:11] [Leader]: [IMRP]Ricci has set [IMRP]Norrin as the leader of LSPD.
[2014/8/26 - 22:47:25] [Leader]: Norrin Radd has set Norrin Radd as the leader of LSPD.
[2014/8/26 - 22:47:27] [Leader]: Norrin Radd has set Norrin Radd as the leader of East Side Crips.
[2014/8/30 - 16:2:11] [Leader]: Tony Franco has set Tony Franco as the leader of None.
[2014/8/30 - 18:0:13] [Leader]: Tony Wilbert has set Tony Wilbert as the leader of LSPD.
[2014/8/30 - 18:0:16] [Leader]: Tony Wilbert has set Tony Wilbert as the leader of Robadan Republic.
[2014/8/30 - 18:0:19] [Leader]: Tony Wilbert has set Tony Wilbert as the leader of None.
[2014/8/30 - 18:0:22] [Leader]: Tony Wilbert has set Tony Wilbert as the leader of None.
[2014/8/30 - 18:0:25] [Leader]: Tony Wilbert has set Tony Wilbert as the leader of None.
[2014/8/30 - 18:15:49] [Leader]: Tony Wilbert has set Tony Wilbert as the leader of LSPD.
[2014/8/30 - 18:51:39] [Leader]: Norrin Radd has set Norrin Radd as the leader of None.
[2014/8/30 - 19:17:25] [FACKICK][LSPD]: Tony Wilbert has been removed from the faction by Norrin Radd.
[2014/8/30 - 19:17:40] [INVITE][None]: Norrin Radd has invited Tony Wilbert to the faction.
[2014/8/30 - 19:29:44] [Leader]: Norrin Radd has set Norrin Radd as the leader of LSPD.
[2014/8/30 - 21:32:24] [FACKICK][LSPD]: Johnny Cruze has been removed from the faction by Johnny Cruze.
[2014/8/30 - 22:27:52] [Leader]: Norrin Radd has set Asada Shino as the leader of LSPD.
[2014/9/2 - 14:59:13] [FACKICK][LSPD]: Norrin Radd has been removed from the faction by Norrin Radd.
[2014/9/2 - 15:20:0] [FACKICK][LSPD]: Norrin Radd has been removed from the faction by Norrin Radd.
[2014/9/2 - 15:30:35] [FACKICK][LSPD]: Norrin Radd has been removed from the faction by Norrin Radd.
[2014/9/2 - 15:30:58] [Leader]: Norrin Radd has set Norrin Radd as the leader of LSPD.
[2014/9/2 - 16:46:6] [LSPD]: Norrin Radd has set Norrin Radd's division to S.O..
[2014/9/2 - 16:55:39] [LSPD]: Norrin Radd has set Norrin Radd's division to S.O..
[2014/9/2 - 16:57:27] [LSPD]: Norrin Radd has set Norrin Radd's division to .
[2014/9/2 - 16:57:34] [LSPD]: Norrin Radd has set Norrin Radd's division to .
[2014/9/2 - 16:59:18] [LSPD]: Norrin Radd has set Norrin Radd's division to S.O..
[2014/9/2 - 16:59:21] [LSPD]: Norrin Radd has set Norrin Radd's division to .
[2014/9/2 - 16:59:38] [LSPD]: Norrin Radd has set Norrin Radd's division to .
[2014/9/2 - 17:5:12] [LSPD]: Norrin Radd has set Norrin Radd's division to S.O..
[2014/9/2 - 17:5:13] [LSPD]: Norrin Radd has set Norrin Radd's division to DET.
[2014/9/2 - 17:5:14] [LSPD]: Norrin Radd has set Norrin Radd's division to nothin.
[2014/9/2 - 17:12:59] [LSPD]: Norrin Radd has set Norrin Radd's division to S.O..
[2014/9/2 - 17:15:38] [Leader]: Norrin Radd has set Shana Sakai as the leader of LSPD.
[2014/9/2 - 22:17:29] [Leader]: Dwayne Raymond has set Dwayne Raymond as the leader of LSPD.
[2017/9/20 - 14:50:45] [Leader]: Meyers has set Meyers as the leader of LSPD.
[2017/9/20 - 14:51:10] [FACKICK][LSPD]: Meyers has been removed from the faction by Jannik.
[2017/9/20 - 14:51:17] [Leader]: Thomas has set Meyers as the leader of Robadan Republic.
[2017/9/20 - 14:51:19] [Leader]: Thomas has set Meyers as the leader of None.
[2017/9/20 - 14:54:43] [Leader]: Meyers has set Meyers as the leader of LSPD.
[2017/9/20 - 14:58:33] [Leader]: Thomas has set Thomas as the leader of None.
[2017/9/20 - 15:11:58] [INVITE][crime fam]: Thomas Freeman has invited Leroy J. Meyers to the faction.
[2017/9/20 - 20:8:31] [Leader]: Behemoth has set Thomas Freeman as the leader of LSPD.
[2017/9/20 - 20:8:34] [Leader]: Behemoth has set Behemoth as the leader of LSPD.
[2017/9/20 - 20:9:46] [LSPD]: Behemoth has set Behemoth's division to PTL.
[2017/9/20 - 20:25:42] [Leader]: Luke Stephens has set Luke Stephens as the leader of SHAFT.
[2017/9/21 - 16:9:3] [Leader]: Thomas Freeman has set Thomas Freeman as the leader of .
[2017/9/21 - 16:9:5] [Leader]: Thomas Freeman has set Thomas Freeman as the leader of .
[2017/9/21 - 16:9:6] [Leader]: Thomas Freeman has set Thomas Freeman as the leader of .
[2017/9/21 - 16:9:7] [Leader]: Thomas Freeman has set Thomas Freeman as the leader of .
[2017/9/24 - 2:26:28] [Leader]: Tommy has set Tommy as the leader of SHAFT.
[2017/9/24 - 2:27:39] [Leader]: Cassio has set Cassio as the leader of LSPD.
[2017/9/24 - 2:29:28] [Leader]: Thomas Freeman has set Thomas Freeman as the leader of LSPD.
[2017/9/24 - 2:36:1] [RANK][SHAFT]: Tommy has set Tommy's rank to 7.
[2017/9/24 - 2:36:3] [RANK][SHAFT]: Tommy has set Tommy's rank to 0.
