[2014/8/26 - 21:22:7] [Invite]: Michael Holmes has made Michael Holmes as a Vice Director of the International Contract Agency.
[2014/8/26 - 21:22:8] [Invite]: Michael Holmes has made Michael Holmes as a Director of the International Contract Agency.
[2014/8/26 - 21:22:12] [Invite]: Asada Shino has made Asada Shino as a Director of the International Contract Agency.
[2014/8/26 - 21:28:2] [Invite]: Norrin Radd has made Conrad Winmar as a Vice Director of the International Contract Agency.
[2014/8/26 - 21:28:5] [Invite]: Norrin Radd has made Asada Shino as a Vice Director of the International Contract Agency.
[2014/8/26 - 21:28:10] [Invite]: Norrin Radd has made Matias as a Vice Director of the International Contract Agency.
[2014/8/26 - 21:28:13] [Invite]: Norrin Radd has made Norrin Radd as a Vice Director of the International Contract Agency.
[2014/8/26 - 21:28:28] [Invite]: Asada Shino has made Asada Shino as a Director of the International Contract Agency.
[2014/8/26 - 21:29:8] [Uninvite]: Norrin Radd has kicked Norrin Radd out of the International Contract Agency.
[2014/8/26 - 21:29:37] [Invite]: Norrin Radd has made Norrin Radd as a Director of the International Contract Agency.
[2014/8/26 - 21:30:3] [Invite]: Matias has made Matias as a Director of the International Contract Agency.
[2014/8/26 - 21:31:51] [Invite]: Matias has made Matias as a Freelancer of the International Contract Agency.
[2014/8/26 - 21:32:4] [Uninvite]: Matias has kicked Matias out of the International Contract Agency.
[2014/8/26 - 21:32:25] [Invite]: Matias has made Matias as a Director of the International Contract Agency.
[2014/8/26 - 21:42:46] [Uninvite]: [IMRP]Matias has kicked [IMRP]Matias out of the International Contract Agency.
[2014/8/26 - 21:47:25] [Invite]: [IMRP]Norrin has made [IMRP]Ricci as a Director of the International Contract Agency.
[2014/8/26 - 21:49:48] [Invite]: [IMRP]Ricci has made [IMRP]Ricci as a Director of the International Contract Agency.
[2014/8/27 - 10:2:25] [Invite]: Norrin Radd has made Norrin Radd as a Freelancer of the International Contract Agency.
[2014/8/30 - 17:51:50] [Invite]: Tony Wilbert has made Tony Wilbert as a Director of the International Contract Agency.
[2014/8/30 - 17:52:18] [Invite]: Norrin Radd has made Norrin Radd as a Director of the International Contract Agency.
[2014/8/30 - 17:52:33] [Invite]: Norrin Radd has made Tony Wilbert as a Freelancer of the International Contract Agency.
[2014/8/30 - 17:52:41] [Uninvite]: Tony Wilbert has kicked Norrin Radd out of the International Contract Agency.
[2014/8/30 - 17:52:45] [Invite]: Norrin Radd has made Norrin Radd as a Director of the International Contract Agency.
[2014/8/30 - 18:2:48] [Invite]: Tony Wilbert has made Tony Wilbert as a Director of the International Contract Agency.
[2014/8/30 - 18:7:36] [Uninvite]: Norrin Radd has kicked Tony Wilbert out of the International Contract Agency.
[2014/8/30 - 21:35:54] [Invite]: Norrin Radd has made Norrin Radd as a Freelancer of the International Contract Agency.
[2014/8/30 - 21:50:52] [Uninvite]: Norrin Radd has kicked Norrin Radd out of the International Contract Agency.
[2014/8/30 - 21:51:9] [Invite]: Norrin Radd has made Norrin Radd as a Director of the International Contract Agency.
[2014/8/30 - 22:1:46] [Uninvite]: Norrin Radd has kicked Norrin Radd out of the International Contract Agency.
[2014/8/30 - 22:1:57] [Uninvite]: Norrin Radd has kicked Johnny Cruze out of the International Contract Agency.
[2014/8/30 - 22:2:1] [Invite]: Norrin Radd has made Norrin Radd as a Freelancer of the International Contract Agency.
[2014/8/30 - 22:2:33] [Uninvite]: Norrin Radd has kicked Norrin Radd out of the International Contract Agency.
[2014/8/30 - 22:2:42] [Invite]: Norrin Radd has made Norrin Radd as a Freelancer of the International Contract Agency.
[2014/8/30 - 22:4:42] [Uninvite]: Norrin Radd has kicked Norrin Radd out of the International Contract Agency.
[2014/8/30 - 22:4:49] [Invite]: Norrin Radd has made Norrin Radd as a Freelancer of the International Contract Agency.
[2014/8/30 - 22:24:52] [Uninvite]: Norrin Radd has kicked Norrin Radd out of the International Contract Agency.
[2014/8/30 - 22:24:58] [Invite]: Norrin Radd has made Norrin Radd as a Freelancer of the International Contract Agency.
[2014/8/31 - 11:23:18] [Uninvite]: Norrin Radd has kicked Norrin Radd out of the International Contract Agency.
[2014/8/31 - 11:24:9] [Invite]: Norrin Radd has made Norrin Radd as a Freelancer of the International Contract Agency.
[2017/9/20 - 14:48:11] [Invite]: Meyers has made Meyers as a Special Agent of the International Contract Agency.
[2017/9/20 - 14:48:13] [Invite]: Meyers has made Meyers as a Vice Director of the International Contract Agency.
[2017/9/20 - 14:48:14] [Invite]: Meyers has made Meyers as a Director of the International Contract Agency.
[2017/9/20 - 14:52:41] [Invite]: Jannik has made Jannik as a Director of the International Contract Agency.
[2017/9/20 - 20:12:1] [Invite]: Thomas Freeman has made Behemoth as a Freelancer of the International Contract Agency.
[2017/9/20 - 20:12:9] [Invite]: Thomas Freeman has made Thomas Freeman as a Director of the International Contract Agency.
[2017/9/22 - 23:43:56] [Invite]: Thomas Freeman has made Ray Vintage as a Special Agent of the International Contract Agency.
[2017/9/22 - 23:43:57] [Invite]: Thomas Freeman has made Thomas Freeman as a Special Agent of the International Contract Agency.
[2017/9/23 - 16:29:6] [Invite]: Kevin Cross Hartax has made Kevin Cross Hartax as a Director of the International Contract Agency.
[2017/9/24 - 2:33:14] [Invite]: Tommy has made Tommy as a Director of the International Contract Agency.
[2017/9/24 - 2:33:21] [Invite]: Tommy has made Tommy as a Vice Director of the International Contract Agency.
[2017/9/24 - 2:33:22] [Invite]: Tommy has made Tommy as a Special Agent of the International Contract Agency.
[2017/9/24 - 2:33:23] [Invite]: Tommy has made Tommy as a Agent of the International Contract Agency.
[2017/9/24 - 2:33:24] [Invite]: Tommy has made Tommy as a Freelancer of the International Contract Agency.
[2017/9/24 - 2:33:25] [Uninvite]: Tommy has kicked Tommy out of the International Contract Agency.
[2017/9/24 - 2:33:27] [Invite]: Tommy has made Tommy as a Director of the International Contract Agency.
[2017/10/1 - 21:16:15] [Invite]: McFornell has made McFornell as a Director of the International Contract Agency.
