[2014/8/26 - 18:45:20] Norrin Radd has made Norrin Radd a Lead Admin.
[2014/8/26 - 21:20:9] Norrin Radd has made Asada Shino a Head Admin.
[2014/8/26 - 21:20:11] Norrin Radd has made Asada Shino a Lead Admin.
[2014/8/26 - 21:20:23] Norrin Radd has made Michael Holmes a Lead Admin.
[2014/8/26 - 21:20:25] Norrin Radd has made Asada Shino a Lead Admin.
[2014/8/26 - 21:27:39] Norrin Radd has made Conrad Winmar a Head Admin.
[2014/8/26 - 21:27:46] Norrin Radd has made Conrad Winmar a Lead Admin.
[2014/8/26 - 21:47:1] [IMRP]Norrin has made Lorenzo Ricci a Lead Admin.
[2014/8/26 - 21:56:57] [IMRP]RicciPower has made [IMRP]RicciPower a Head Admin.
[2014/8/26 - 22:46:5] Norrin Radd has made Norrin Radd a Lead Admin.
[2014/8/30 - 13:57:2] Tony Franco has made Tony Franco a Lead Admin.
[2014/8/30 - 17:42:55] Norrin Radd has made Norrin Radd a Lead Admin.
[2014/8/30 - 17:49:32] Norrin Radd has made Tony Wilbert a Senior Admin.
[2014/8/30 - 17:49:37] Norrin Radd has made Tony Wilbert a Lead Admin.
[2014/8/30 - 17:57:22] Norrin Radd has made Norrin Radd a Lead Admin.
[2014/8/30 - 17:58:55] Norrin Radd has made Tony Wilbert a Lead Admin.
[2014/8/30 - 17:59:0] Norrin Radd has made Tony Wilbert a Level 1 Player.
[2014/8/30 - 17:59:31] Norrin Radd has made Tony Wilbert a Lead Admin.
[2014/8/30 - 20:40:23] Norrin Radd has made Tony Wilbert a Server Moderator.
[2014/8/30 - 20:40:24] Norrin Radd has made Tony Wilbert a Lead Admin.
[2014/8/30 - 20:40:57] Norrin Radd has made Tony Wilbert a Level 1 Player.
[2014/8/30 - 21:11:26] Norrin Radd has made Andrea Jhoseph a Lead Admin.
[2014/8/30 - 21:21:53] Norrin Radd has made Asada Shino a Lead Admin.
[2014/9/2 - 17:15:34] Norrin Radd has made Shana Sakai a Lead Admin.
[2014/9/2 - 20:44:12] Norrin Radd has made Matias Admin a Senior Admin.
[2014/9/2 - 22:14:7] Norrin Radd has made Dwayne Raymond a Head Admin.
