[2014/8/26 - 22:0:41] [Paycheck]: [IMRP]Norrin has received $0 with a tax of $0 and $0 in his bank account.
[2014/8/30 - 17:0:15] [Paycheck]: Tony_Franco has received $0 with a tax of $0 and $0 in his bank account.
[2014/8/30 - 20:0:47] [Paycheck]: Norrin_Radd has received $0 with a tax of $0 and $0 in his bank account.
[2014/8/30 - 20:0:47] [Paycheck]: Tony_Wilbert has received $0 with a tax of $0 and $0 in his bank account.
[2014/8/30 - 21:1:3] [Paycheck]: Norrin_Radd has received $0 with a tax of $0 and $0 in his bank account.
[2014/8/30 - 22:0:6] [Paycheck]: Norrin_Radd has received $0 with a tax of $0 and $0 in his bank account.
[2014/8/30 - 22:0:6] [Paycheck]: Johnny_Cruze has received $0 with a tax of $0 and $0 in his bank account.
[2014/8/31 - 15:0:26] [Paycheck]: Norrin_Radd has received $0 with a tax of $0 and $0 in his bank account.
[2014/9/2 - 14:0:21] [Paycheck]: Norrin_Radd has received $0 with a tax of $0 and $0 in his bank account.
[2014/9/2 - 15:0:12] [Paycheck]: Norrin_Radd has received $0 with a tax of $0 and $0 in his bank account.
[2014/9/2 - 16:0:7] [Paycheck]: Norrin_Radd has received $0 with a tax of $0 and $0 in his bank account.
[2014/9/2 - 17:0:40] [Paycheck]: Norrin_Radd has received $0 with a tax of $0 and $0 in his bank account.
[2014/9/2 - 18:0:51] [Paycheck]: Norrin_Radd has received $0 with a tax of $0 and $0 in his bank account.
[2014/9/2 - 19:0:1] [Paycheck]: Norrin_Radd has received $3 with a tax of $0 and $3 in his bank account.
[2014/9/2 - 21:0:3] [Paycheck]: Norrin_Radd has received $0 with a tax of $0 and $0 in his bank account.
[2014/9/2 - 22:0:9] [Paycheck]: Norrin_Radd has received $0 with a tax of $0 and $0 in his bank account.
[2014/9/2 - 23:0:3] [Paycheck]: Norrin_Radd has received $0 with a tax of $0 and $0 in his bank account.
[2014/9/3 - 11:0:16] [Paycheck]: Norrin_Radd has received $0 with a tax of $0 and $0 in his bank account.
[2014/9/3 - 20:0:11] [Paycheck]: Norrin_Radd has received $0 with a tax of $0 and $0 in his bank account.
[2014/9/3 - 21:0:1] [Paycheck]: Norrin_Radd has received $0 with a tax of $0 and $0 in his bank account.
[2014/9/3 - 21:46:54] [Paycheck]: Norrin_Radd has received $297 with a tax of $50 and $247 in his bank account.
[2014/9/3 - 22:0:12] [Paycheck]: Norrin_Radd has received $348 with a tax of $75 and $520 in his bank account.
[2014/9/5 - 23:0:38] [Paycheck]: Norrin_Radd has received $518 with a tax of $100 and $418 in his bank account.
[2017/9/20 - 20:24:57] [Paycheck]: Thomas_Freeman has received $0 with a tax of $0 and $0 in his bank account.
[2017/9/20 - 20:24:57] [Paycheck]: Luke_Stephens has received $0 with a tax of $0 and $500 in his bank account.
[2017/9/21 - 16:0:24] [Paycheck]: Thomas_Freeman has received $75 with a tax of $0 and $75 in his bank account.
[2017/9/21 - 20:0:6] [Paycheck]: Thomas_Freeman has received $75 with a tax of $0 and $75 in his bank account.
[2017/9/22 - 10:0:19] [Paycheck]: Thomas_Freeman has received $75 with a tax of $0 and $75 in his bank account.
[2017/9/22 - 11:0:35] [Paycheck]: James_Hills has received $985 with a tax of $180 and $805 in his bank account.
[2017/9/22 - 11:0:35] [Paycheck]: Thomas_Freeman has received $75 with a tax of $0 and $638 in his bank account.
[2017/9/22 - 12:0:52] [Paycheck]: Thomas_Freeman has received $0 with a tax of $0 and $75 in his bank account.
[2017/9/23 - 0:1:2] [Paycheck]: Thomas_Freeman has received $0 with a tax of $0 and $0 in his bank account.
[2017/9/23 - 16:29:45] [Paycheck]: Thomas_Freeman has received $0 with a tax of $0 and $0 in his bank account.
[2017/9/23 - 16:29:46] [Paycheck]: Thomas_Freeman has received $0 with a tax of $0 and $0 in his bank account.
[2017/9/23 - 16:29:46] [Paycheck]: Thomas_Freeman has received $0 with a tax of $0 and $0 in his bank account.
[2017/9/24 - 2:22:34] [Paycheck]: Thomas_Freeman has received $0 with a tax of $0 and $27 in his bank account.
[2017/9/24 - 2:22:36] [Paycheck]: Thomas_Freeman has received $0 with a tax of $0 and $27 in his bank account.
[2017/9/24 - 2:35:20] [Paycheck]: Thomas_Freeman has received $0 with a tax of $0 and $32 in his bank account.
[2017/9/24 - 2:35:25] [Paycheck]: Thomas_Freeman has received $0 with a tax of $0 and $32 in his bank account.
[2017/9/29 - 1:0:26] [Paycheck]: Thomas_Freeman has received $0 with a tax of $0 and $32 in his bank account.
[2017/9/29 - 14:0:36] [Paycheck]: Thomas_Freeman has received $0 with a tax of $0 and $0 in his bank account.
[2017/9/29 - 15:0:39] [Paycheck]: Thomas_Freeman has received $0 with a tax of $0 and $0 in his bank account.
[2017/9/29 - 16:0:17] [Paycheck]: Thomas_Freeman has received $0 with a tax of $0 and $0 in his bank account.
[2017/9/29 - 18:1:0] [Paycheck]: Thomas_Freeman has received $0 with a tax of $0 and $7353 in his bank account.
[2017/9/30 - 1:0:44] [Paycheck]: Thomas_Freeman has received $0 with a tax of $0 and $0 in his bank account.
[2017/10/3 - 22:1:3] [Paycheck]: Thomas_Freeman has received $0 with a tax of $0 and $0 in his bank account.
[2017/10/3 - 23:0:52] [Paycheck]: Thomas_Freeman has received $0 with a tax of $0 and $0 in his bank account.
