[2014/9/5 - 19:1:41] Norrin Radd has set Norrin Radd's admin name to Nor.
[2014/9/5 - 19:1:51] Norrin Radd has set Norrin Radd's admin name to Norrin.
[2014/9/5 - 19:18:39] Norrin Radd has set Norrin Radd's admin name to Norrin_Radd.
[2014/9/5 - 19:18:41] Norrin Radd has set Norrin Radd's admin name to Norrin.
[2017/9/20 - 14:47:0] Thomas Freeman has set Leroy J. Meyers's admin name to Meyers.
[2017/9/20 - 14:47:30] Thomas Freeman has set Thomas Freeman's admin name to 5.
[2017/9/20 - 14:47:33] Thomas Freeman has set Thomas Freeman's admin name to Thomas.
[2017/9/20 - 14:49:18] Thomas has set Cuck Freeman's admin name to Cuck.
[2017/9/20 - 14:49:19] Leroy J. Meyers has set Cuck Freeman's admin name to Jannik.
[2017/9/20 - 15:21:12] Leroy J. Meyers has set Leroy J. Meyers's admin name to Meyers.
[2017/9/20 - 15:28:51] thomas has set thomas's admin name to thomas.
[2017/9/20 - 15:33:17] Meyers has set Cameron Khalifa's admin name to Khalifa.
[2017/9/20 - 15:33:28] Meyers has set Keff Kingpin's admin name to Mogguh.
[2017/9/20 - 15:37:9] Meyers has set Cuck's admin name to Cuck.
[2017/9/20 - 15:37:14] cuck has set cuck's admin name to cuck.
[2017/9/20 - 15:37:19] Cuck has set Cuck's admin name to Cuck.
[2017/9/20 - 20:5:34] Thomas Freeman has set Luke Stephens's admin name to Behemoth.
[2017/9/20 - 20:25:21] Thomas Freeman has set Thomas Freeman's admin name to Thomas.
[2017/9/21 - 20:36:30] Thomas Freeman has set Thomas Freeman's admin name to Thomas.
[2017/9/21 - 20:50:1] Thomas Freeman has set Ermetano Carragio's admin name to Ermetano.
[2017/9/22 - 9:52:58] Thomas Freeman has set Shane Roberts's admin name to Shane.
[2017/9/22 - 10:1:34] Thomas Freeman has set Hills's admin name to Hills.
[2017/9/22 - 23:40:48] Thomas has set Ray Vintage's admin name to Vintage.
[2017/9/23 - 16:25:7] Thomas Freeman has set Krishna's admin name to Krishna.
[2017/9/23 - 16:25:12] Thomas Freeman has set Krishan's admin name to Krishan.
[2017/9/24 - 2:18:39] Thomas Freeman has set Nameerf Samoht's admin name to Tomy.
[2017/9/24 - 2:18:49] Thomas Freeman has set Nameerf Samoht's admin name to Casino.
[2017/9/24 - 2:21:11] Thomas Freeman has set Tommy Max Farrow's admin name to Tommy.
[2017/9/24 - 2:23:41] Cassio has set Cassio's admin name to Cassio.
[2017/9/24 - 2:28:19] Thomas Freeman has set Thomas Freeman's admin name to BadScripter.
[2017/9/24 - 2:37:42] MediocreScripter has set MediocreScripter's admin name to MediocreScripter.
[2017/9/29 - 17:57:24] Thomas Freeman has set Bob Marley's admin name to Krishan.
[2017/9/30 - 0:49:31] Thomas Freeman has set James Raminez's admin name to Raminez.
[2017/9/30 - 1:3:25] Thomas Freeman has set Kas Chapman's admin name to Kas.
[2017/10/1 - 21:12:57] Thomas Freeman has set Thomas Freegirl's admin name to McFornell.
