[2014/9/5 - 19:4:48] Norrin Radd has made Norrin Radd a Server Moderator.
[2014/9/5 - 19:5:6] Norrin Radd has made Norrin Radd a Junior Admin.
[2014/9/5 - 19:20:21] Norrin Radd has made Norrin Radd a Server Moderator.
[2014/9/5 - 19:20:26] Norrin Radd has made Norrin Radd a Lead Admin.
[2017/9/20 - 14:45:36] Thomas Freeman has made Thomas Freeman a Lead Admin.
[2017/9/20 - 14:46:46] Thomas Freeman has made Leroy J. Meyers a Head Admin.
[2017/9/20 - 14:48:27] Thomas Freeman has made Meyers a Lead Admin.
[2017/9/20 - 14:49:42] Leroy J. Meyers has made Cuck Freeman a Server Moderator.
[2017/9/20 - 14:49:44] Leroy J. Meyers has made Cuck Freeman a Junior Admin.
[2017/9/20 - 14:49:47] Leroy J. Meyers has made Jannik a Head Admin.
[2017/9/20 - 14:56:37] Thomas has made Cuck Freeman a Level 1 Player.
[2017/9/20 - 15:19:39] Thomas Freeman has made Thomas Freeman a Lead Admin.
[2017/9/20 - 15:20:58] Thomas Freeman has made Leroy J. Meyers a Lead Admin.
[2017/9/20 - 15:32:36] Meyers has made Cameron Khalifa a Head Admin.
[2017/9/20 - 15:32:38] Meyers has made Cameron Khalifa a Lead Admin.
[2017/9/20 - 15:32:48] Meyers has made Keff Kingpin a Lead Admin.
[2017/9/20 - 15:32:52] Meyers has made Keff Kingpin a Head Admin.
[2017/9/20 - 15:36:48] Meyers has made Cuck Freeman a Head Admin.
[2017/9/20 - 15:36:50] Meyers has made Cuck Freeman a Lead Admin.
[2017/9/20 - 20:5:27] Thomas Freeman has made Luke Stephens a Head Admin.
[2017/9/20 - 20:24:3] thomas has made Behemoth a Lead Admin.
[2017/9/21 - 19:13:17] Thomas Freeman has made Thomas Freeman a Server Moderator.
[2017/9/21 - 19:19:39] Thomas Freeman has made Thomas Freeman a Lead Admin.
[2017/9/21 - 20:49:38] Thomas Freeman has made Ermetano Carragio a Junior Admin.
[2017/9/21 - 20:50:47] Thomas Freeman has made Ermetano Carragio a Junior Admin.
[2017/9/21 - 20:50:49] Thomas Freeman has made Mark Murphy a Junior Admin.
[2017/9/21 - 20:50:51] Thomas Freeman has made Dave Brown a Junior Admin.
[2017/9/21 - 20:50:52] Thomas Freeman has made Bradley Kingpin a Junior Admin.
[2017/9/22 - 9:52:53] Thomas Freeman has made Shane Roberts a Lead Admin.
[2017/9/22 - 10:0:20] Thomas Freeman has made James Hills a General Admin.
[2017/9/22 - 23:40:45] Thomas has made Ray Vintage a Lead Admin.
[2017/9/23 - 16:25:3] Thomas Freeman has made Kevin Cross Hartax a Junior Admin.
[2017/9/23 - 16:25:58] Thomas Freeman has made Kevin Cross Hartax a Lead Admin.
[2017/9/24 - 2:18:35] Thomas Freeman has made Nameerf Samoht a Lead Admin.
[2017/9/24 - 2:21:15] Thomas Freeman has made Tommy Max Farrow a Lead Admin.
[2017/9/24 - 2:23:39] Tommy has made Thomas a Level 1 Player.
[2017/9/24 - 2:23:57] Tommy has made Thomas a Lead Admin.
[2017/9/24 - 2:23:59] Tommy has made Thomas a Head Admin.
[2017/9/24 - 2:24:1] Tommy has made Thomas a Lead Admin.
[2017/9/29 - 17:57:19] Thomas Freeman has made Bob Marley a Head Admin.
[2017/9/29 - 17:59:11] Thomas Freeman has made Krishan a Lead Admin.
[2017/9/30 - 0:49:9] Thomas Freeman has made James Raminez a General Admin.
[2017/9/30 - 1:3:20] Thomas Freeman has made Kas Chapman a Senior Admin.
[2017/10/1 - 21:12:45] Thomas Freeman has made Thomas Freegirl a Junior Admin.
[2017/10/1 - 21:14:54] Thomas Freeman has made Thomas Freeman a Head Admin.
[2017/10/1 - 21:15:5] Thomas Freeman has made Thomas Freeman a Lead Admin.
[2017/10/1 - 21:15:9] Thomas Freeman has made Thomas Freegirl a Head Admin.
[2017/10/1 - 21:16:39] McFornell has made McFornell a Senior Admin.
[2023/1/12 - 3:17:29] Heinrich Lunge has made Heinrich Lunge a Lead Admin.
[2023/1/12 - 3:17:31] Heinrich Lunge has made Heinrich Lunge a Head Admin.
[2023/1/12 - 3:17:35] Heinrich Lunge has made Heinrich Lunge a Lead Admin.
