[03:08:41] [WARNING] mysql_connect: no password specified
[03:08:41] [ERROR] CConnection::CConnection - establishing connection to MySQL database failed: #2019 'Can't initialize character set unknown (path: compiled_in)'
[03:08:41] [ERROR] CConnection::CConnection - establishing connection to MySQL database failed: #2019 'Can't initialize character set unknown (path: compiled_in)'
[03:08:41] [ERROR] CConnection::CConnection - establishing connection to MySQL database failed: #2019 'Can't initialize character set unknown (path: compiled_in)'
[03:08:41] [ERROR] CConnection::CConnection - establishing connection to MySQL database failed: #2019 'Can't initialize character set unknown (path: compiled_in)'
[03:16:19] [WARNING] mysql_connect: no password specified
[22:26:26] [ERROR] CConnection::CConnection - establishing connection to MySQL database failed: #2059 'Plugin caching_sha2_password could not be loaded: The specified module could not be found.
'
[22:26:26] [ERROR] CConnection::CConnection - establishing connection to MySQL database failed: #2059 'Plugin caching_sha2_password could not be loaded: The specified module could not be found.
'
[22:26:26] [ERROR] CConnection::CConnection - establishing connection to MySQL database failed: #2059 'Plugin caching_sha2_password could not be loaded: The specified module could not be found.
'
[22:26:26] [ERROR] CConnection::CConnection - establishing connection to MySQL database failed: #2059 'Plugin caching_sha2_password could not be loaded: The specified module could not be found.
'
[22:28:06] [WARNING] mysql_connect: no password specified
[22:28:06] [ERROR] CConnection::CConnection - establishing connection to MySQL database failed: #1049 'Unknown database 'imrp''
[22:28:06] [ERROR] CConnection::CConnection - establishing connection to MySQL database failed: #1049 'Unknown database 'imrp''
[22:28:06] [ERROR] CConnection::CConnection - establishing connection to MySQL database failed: #1049 'Unknown database 'imrp''
[22:28:06] [ERROR] CConnection::CConnection - establishing connection to MySQL database failed: #1049 'Unknown database 'imrp''
[22:29:32] [WARNING] mysql_connect: no password specified
[22:29:32] [ERROR] CConnection::CConnection - establishing connection to MySQL database failed: #1049 'Unknown database 'imrp''
[22:29:32] [ERROR] CConnection::CConnection - establishing connection to MySQL database failed: #1049 'Unknown database 'imrp''
[22:29:32] [ERROR] CConnection::CConnection - establishing connection to MySQL database failed: #1049 'Unknown database 'imrp''
[22:29:32] [ERROR] CConnection::CConnection - establishing connection to MySQL database failed: #1049 'Unknown database 'imrp''
[22:31:24] [ERROR] CConnection::CConnection - establishing connection to MySQL database failed: #2059 'Plugin caching_sha2_password could not be loaded: The specified module could not be found.
'
[22:31:24] [ERROR] CConnection::CConnection - establishing connection to MySQL database failed: #2059 'Plugin caching_sha2_password could not be loaded: The specified module could not be found.
'
[22:31:24] [ERROR] CConnection::CConnection - establishing connection to MySQL database failed: #2059 'Plugin caching_sha2_password could not be loaded: The specified module could not be found.
'
[22:31:24] [ERROR] CConnection::CConnection - establishing connection to MySQL database failed: #2059 'Plugin caching_sha2_password could not be loaded: The specified module could not be found.
'
[22:39:47] [ERROR] CConnection::CConnection - establishing connection to MySQL database failed: #2059 'Plugin caching_sha2_password could not be loaded: The specified module could not be found.
'
[22:39:47] [ERROR] CConnection::CConnection - establishing connection to MySQL database failed: #2059 'Plugin caching_sha2_password could not be loaded: The specified module could not be found.
'
[22:39:47] [ERROR] CConnection::CConnection - establishing connection to MySQL database failed: #2059 'Plugin caching_sha2_password could not be loaded: The specified module could not be found.
'
[22:39:47] [ERROR] CConnection::CConnection - establishing connection to MySQL database failed: #2059 'Plugin caching_sha2_password could not be loaded: The specified module could not be found.
'
